<?xml version="1.0" encoding="UTF-8"?>
<!-- Generated by org.testng.reporters.JUnitXMLReporter -->
<testsuite hostname="DESKTOP-H4LHD4U" ignored="0" name="Chrome-Test" tests="3" failures="1" timestamp="2021-03-10T13:43:48 IST" time="70.736" errors="0">
  <testcase name="initializePageFactory" time="0.05" classname="Tests.Home"/>
  <testcase name="login" time="28.658" classname="Tests.Home"/>
  <testcase name="verifyAssignLeave" time="26.361" classname="Tests.Home">
    <failure type="java.lang.AssertionError" message="Assign Leave button text not valid expected [true] but found [false]">
      <![CDATA[java.lang.AssertionError: Assign Leave button text not valid expected [true] but found [false]
at Pages.HomePage.verifyAssignLeave(HomePage.java:42)
at Tests.Home.verifyAssignLeave(Home.java:53)
at java.util.ArrayList.forEach(ArrayList.java:1257)
at java.util.concurrent.FutureTask.run(FutureTask.java:266)
at java.util.concurrent.ThreadPoolExecutor.runWorker(ThreadPoolExecutor.java:1149)
at java.util.concurrent.ThreadPoolExecutor$Worker.run(ThreadPoolExecutor.java:624)
at java.lang.Thread.run(Thread.java:748)
... Removed 21 stack frames]]>
    </failure>
  </testcase> <!-- verifyAssignLeave -->
</testsuite> <!-- Chrome-Test -->
