{
  "uid" : "4dad29a8309de35b",
  "name" : "initializePageFactory",
  "fullName" : "Tests.Home.initializePageFactory",
  "historyId" : "ff45aad732d444a50b57ee043b8118b",
  "time" : {
    "start" : 1615355011832,
    "stop" : 1615355011895,
    "duration" : 63
  },
  "description" : "Login to Orange HRM",
  "descriptionHtml" : "<p>Login to Orange HRM</p>\n",
  "status" : "skipped",
  "statusMessage" : "The path to the driver executable must be set by the webdriver.ie.driver system property; for more information, see https://github.com/SeleniumHQ/selenium/wiki/InternetExplorerDriver. The latest version can be downloaded from http://selenium-release.storage.googleapis.com/index.html",
  "statusTrace" : "java.lang.IllegalStateException: The path to the driver executable must be set by the webdriver.ie.driver system property; for more information, see https://github.com/SeleniumHQ/selenium/wiki/InternetExplorerDriver. The latest version can be downloaded from http://selenium-release.storage.googleapis.com/index.html\r\n\tat com.google.common.base.Preconditions.checkState(Preconditions.java:847)\r\n\tat org.openqa.selenium.remote.service.DriverService.findExecutable(DriverService.java:134)\r\n\tat org.openqa.selenium.ie.InternetExplorerDriverService.access$000(InternetExplorerDriverService.java:35)\r\n\tat org.openqa.selenium.ie.InternetExplorerDriverService$Builder.findDefaultExecutable(InternetExplorerDriverService.java:175)\r\n\tat org.openqa.selenium.remote.service.DriverService$Builder.build(DriverService.java:355)\r\n\tat org.openqa.selenium.ie.InternetExplorerDriver.setupService(InternetExplorerDriver.java:281)\r\n\tat org.openqa.selenium.ie.InternetExplorerDriver.<init>(InternetExplorerDriver.java:211)\r\n\tat org.openqa.selenium.ie.InternetExplorerDriver.<init>(InternetExplorerDriver.java:150)\r\n\tat Pages.TestBase.setUp(TestBase.java:32)\r\n\tat sun.reflect.NativeMethodAccessorImpl.invoke0(Native Method)\r\n\tat sun.reflect.NativeMethodAccessorImpl.invoke(NativeMethodAccessorImpl.java:62)\r\n\tat sun.reflect.DelegatingMethodAccessorImpl.invoke(DelegatingMethodAccessorImpl.java:43)\r\n\tat java.lang.reflect.Method.invoke(Method.java:498)\r\n\tat org.testng.internal.MethodInvocationHelper.invokeMethod(MethodInvocationHelper.java:134)\r\n\tat org.testng.internal.MethodInvocationHelper.invokeMethodConsideringTimeout(MethodInvocationHelper.java:63)\r\n\tat org.testng.internal.ConfigInvoker.invokeConfigurationMethod(ConfigInvoker.java:348)\r\n\tat org.testng.internal.ConfigInvoker.invokeConfigurations(ConfigInvoker.java:302)\r\n\tat org.testng.internal.TestInvoker.runConfigMethods(TestInvoker.java:695)\r\n\tat org.testng.internal.TestInvoker.invokeMethod(TestInvoker.java:523)\r\n\tat org.testng.internal.TestInvoker.invokeTestMethod(TestInvoker.java:173)\r\n\tat org.testng.internal.MethodRunner.runInSequence(MethodRunner.java:46)\r\n\tat org.testng.internal.TestInvoker$MethodInvocationAgent.invoke(TestInvoker.java:816)\r\n\tat org.testng.internal.TestInvoker.invokeTestMethods(TestInvoker.java:146)\r\n\tat org.testng.internal.TestMethodWorker.invokeTestMethods(TestMethodWorker.java:146)\r\n\tat org.testng.internal.TestMethodWorker.run(TestMethodWorker.java:128)\r\n\tat java.util.ArrayList.forEach(ArrayList.java:1257)\r\n\tat org.testng.TestRunner.privateRun(TestRunner.java:766)\r\n\tat org.testng.TestRunner.run(TestRunner.java:587)\r\n\tat org.testng.SuiteRunner.runTest(SuiteRunner.java:384)\r\n\tat org.testng.SuiteRunner.access$000(SuiteRunner.java:28)\r\n\tat org.testng.SuiteRunner$SuiteWorker.run(SuiteRunner.java:425)\r\n\tat org.testng.internal.thread.ThreadUtil.lambda$execute$0(ThreadUtil.java:68)\r\n\tat java.util.concurrent.FutureTask.run(FutureTask.java:266)\r\n\tat java.util.concurrent.ThreadPoolExecutor.runWorker(ThreadPoolExecutor.java:1149)\r\n\tat java.util.concurrent.ThreadPoolExecutor$Worker.run(ThreadPoolExecutor.java:624)\r\n\tat java.lang.Thread.run(Thread.java:748)\r\n",
  "flaky" : false,
  "newFailed" : false,
  "beforeStages" : [ {
    "name" : "setUp",
    "time" : {
      "start" : 1615355011333,
      "stop" : 1615355011614,
      "duration" : 281
    },
    "description" : "",
    "status" : "broken",
    "statusMessage" : "The path to the driver executable must be set by the webdriver.ie.driver system property; for more information, see https://github.com/SeleniumHQ/selenium/wiki/InternetExplorerDriver. The latest version can be downloaded from http://selenium-release.storage.googleapis.com/index.html",
    "statusTrace" : "java.lang.IllegalStateException: The path to the driver executable must be set by the webdriver.ie.driver system property; for more information, see https://github.com/SeleniumHQ/selenium/wiki/InternetExplorerDriver. The latest version can be downloaded from http://selenium-release.storage.googleapis.com/index.html\r\n\tat com.google.common.base.Preconditions.checkState(Preconditions.java:847)\r\n\tat org.openqa.selenium.remote.service.DriverService.findExecutable(DriverService.java:134)\r\n\tat org.openqa.selenium.ie.InternetExplorerDriverService.access$000(InternetExplorerDriverService.java:35)\r\n\tat org.openqa.selenium.ie.InternetExplorerDriverService$Builder.findDefaultExecutable(InternetExplorerDriverService.java:175)\r\n\tat org.openqa.selenium.remote.service.DriverService$Builder.build(DriverService.java:355)\r\n\tat org.openqa.selenium.ie.InternetExplorerDriver.setupService(InternetExplorerDriver.java:281)\r\n\tat org.openqa.selenium.ie.InternetExplorerDriver.<init>(InternetExplorerDriver.java:211)\r\n\tat org.openqa.selenium.ie.InternetExplorerDriver.<init>(InternetExplorerDriver.java:150)\r\n\tat Pages.TestBase.setUp(TestBase.java:32)\r\n\tat sun.reflect.NativeMethodAccessorImpl.invoke0(Native Method)\r\n\tat sun.reflect.NativeMethodAccessorImpl.invoke(NativeMethodAccessorImpl.java:62)\r\n\tat sun.reflect.DelegatingMethodAccessorImpl.invoke(DelegatingMethodAccessorImpl.java:43)\r\n\tat java.lang.reflect.Method.invoke(Method.java:498)\r\n\tat org.testng.internal.MethodInvocationHelper.invokeMethod(MethodInvocationHelper.java:134)\r\n\tat org.testng.internal.MethodInvocationHelper.invokeMethodConsideringTimeout(MethodInvocationHelper.java:63)\r\n\tat org.testng.internal.ConfigInvoker.invokeConfigurationMethod(ConfigInvoker.java:348)\r\n\tat org.testng.internal.ConfigInvoker.invokeConfigurations(ConfigInvoker.java:302)\r\n\tat org.testng.internal.TestInvoker.runConfigMethods(TestInvoker.java:695)\r\n\tat org.testng.internal.TestInvoker.invokeMethod(TestInvoker.java:523)\r\n\tat org.testng.internal.TestInvoker.invokeTestMethod(TestInvoker.java:173)\r\n\tat org.testng.internal.MethodRunner.runInSequence(MethodRunner.java:46)\r\n\tat org.testng.internal.TestInvoker$MethodInvocationAgent.invoke(TestInvoker.java:816)\r\n\tat org.testng.internal.TestInvoker.invokeTestMethods(TestInvoker.java:146)\r\n\tat org.testng.internal.TestMethodWorker.invokeTestMethods(TestMethodWorker.java:146)\r\n\tat org.testng.internal.TestMethodWorker.run(TestMethodWorker.java:128)\r\n\tat java.util.ArrayList.forEach(ArrayList.java:1257)\r\n\tat org.testng.TestRunner.privateRun(TestRunner.java:766)\r\n\tat org.testng.TestRunner.run(TestRunner.java:587)\r\n\tat org.testng.SuiteRunner.runTest(SuiteRunner.java:384)\r\n\tat org.testng.SuiteRunner.access$000(SuiteRunner.java:28)\r\n\tat org.testng.SuiteRunner$SuiteWorker.run(SuiteRunner.java:425)\r\n\tat org.testng.internal.thread.ThreadUtil.lambda$execute$0(ThreadUtil.java:68)\r\n\tat java.util.concurrent.FutureTask.run(FutureTask.java:266)\r\n\tat java.util.concurrent.ThreadPoolExecutor.runWorker(ThreadPoolExecutor.java:1149)\r\n\tat java.util.concurrent.ThreadPoolExecutor$Worker.run(ThreadPoolExecutor.java:624)\r\n\tat java.lang.Thread.run(Thread.java:748)\r\n",
    "steps" : [ ],
    "attachments" : [ ],
    "parameters" : [ ],
    "shouldDisplayMessage" : true,
    "attachmentsCount" : 0,
    "hasContent" : true,
    "stepsCount" : 0
  } ],
  "afterStages" : [ {
    "name" : "tearDown",
    "time" : {
      "start" : 1615355011895,
      "stop" : 1615355011895,
      "duration" : 0
    },
    "description" : "",
    "status" : "broken",
    "steps" : [ ],
    "attachments" : [ ],
    "parameters" : [ ],
    "shouldDisplayMessage" : false,
    "attachmentsCount" : 0,
    "hasContent" : false,
    "stepsCount" : 0
  } ],
  "labels" : [ {
    "name" : "package",
    "value" : "Tests.Home"
  }, {
    "name" : "testClass",
    "value" : "Tests.Home"
  }, {
    "name" : "testMethod",
    "value" : "initializePageFactory"
  }, {
    "name" : "parentSuite",
    "value" : "Allure-Reporting"
  }, {
    "name" : "suite",
    "value" : "Chrome-Test"
  }, {
    "name" : "subSuite",
    "value" : "Tests.Home"
  }, {
    "name" : "host",
    "value" : "DESKTOP-H4LHD4U"
  }, {
    "name" : "thread",
    "value" : "13840@DESKTOP-H4LHD4U.TestNG-tests-1(14)"
  }, {
    "name" : "framework",
    "value" : "testng"
  }, {
    "name" : "language",
    "value" : "java"
  }, {
    "name" : "resultFormat",
    "value" : "allure2"
  } ],
  "parameters" : [ {
    "name" : "browser",
    "value" : "IE"
  } ],
  "links" : [ ],
  "hidden" : false,
  "retry" : false,
  "extra" : {
    "severity" : "normal",
    "retries" : [ ],
    "categories" : [ ],
    "tags" : [ ]
  },
  "source" : "4dad29a8309de35b.json",
  "parameterValues" : [ "IE" ]
}